This is pdfTeXk, Version 3.141592-1.40.3 (Web2C 7.5.6) (format=latex 2009.5.11)  29 JUL 2010 09:50
entering extended mode
 Source specials enabled.
**manual.tex
(./manual.tex
LaTeX2e <2005/12/01>
Babel <v3.8h> and hyphenation patterns for english, usenglishmax, dumylang, noh
yphenation, basque, bulgarian, coptic, welsh, czech, slovak, german, ngerman, d
anish, esperanto, spanish, catalan, galician, estonian, finnish, french, greek,
 monogreek, ancientgreek, croatian, hungarian, interlingua, ibycus, indonesian,
 icelandic, italian, latin, mongolian, dutch, norsk, polish, portuguese, romani
an, russian, slovenian, uppersorbian, serbian, swedish, turkish, ukenglish, ukr
ainian, loaded.
(/usr/local/share/texmf/tex/latex/base/book.cls
Document Class: book 2005/09/16 v1.4f Standard LaTeX document class
(/usr/local/share/texmf/tex/latex/base/bk10.clo
File: bk10.clo 2005/09/16 v1.4f Standard LaTeX file (size option)
)
\c@part=\count79
\c@chapter=\count80
\c@section=\count81
\c@subsection=\count82
\c@subsubsection=\count83
\c@paragraph=\count84
\c@subparagraph=\count85
\c@figure=\count86
\c@table=\count87
\abovecaptionskip=\skip41
\belowcaptionskip=\skip42
\bibindent=\dimen102
)
(/usr/local/share/texmf/tex/latex/graphics/color.sty
Package: color 2005/11/14 v1.0j Standard LaTeX Color (DPC)

(/usr/lib/texmf/tex/latex/config/color.cfg
File: color.cfg 2007/01/18 v1.5 color configuration of teTeX/TeXLive
)
Package color Info: Driver file: dvips.def on input line 130.

(/usr/local/share/texmf/tex/latex/graphics/dvips.def
File: dvips.def 1999/02/16 v3.0i Driver-dependant file (DPC,SPQR)
)
(/usr/local/share/texmf/tex/latex/graphics/dvipsnam.def
File: dvipsnam.def 1999/02/16 v3.0i Driver-dependant file (DPC,SPQR)
))
(/usr/local/share/texmf/tex/latex/graphics/graphicx.sty
Package: graphicx 1999/02/16 v1.0f Enhanced LaTeX Graphics (DPC,SPQR)

(/usr/local/share/texmf/tex/latex/graphics/keyval.sty
Package: keyval 1999/03/16 v1.13 key=value parser (DPC)
\KV@toks@=\toks14
)
(/usr/local/share/texmf/tex/latex/graphics/graphics.sty
Package: graphics 2006/02/20 v1.0o Standard LaTeX Graphics (DPC,SPQR)

(/usr/local/share/texmf/tex/latex/graphics/trig.sty
Package: trig 1999/03/16 v1.09 sin cos tan (DPC)
)
(/usr/lib/texmf/tex/latex/config/graphics.cfg
File: graphics.cfg 2007/01/18 v1.5 graphics configuration of teTeX/TeXLive
)
Package graphics Info: Driver file: dvips.def on input line 90.
)
\Gin@req@height=\dimen103
\Gin@req@width=\dimen104
)
(/usr/local/share/texmf/tex/latex/amsmath/amsmath.sty
Package: amsmath 2000/07/18 v2.13 AMS math features
\@mathmargin=\skip43

For additional information on amsmath, use the `?' option.
(/usr/local/share/texmf/tex/latex/amsmath/amstext.sty
Package: amstext 2000/06/29 v2.01

(/usr/local/share/texmf/tex/latex/amsmath/amsgen.sty
File: amsgen.sty 1999/11/30 v2.0
\@emptytoks=\toks15
\ex@=\dimen105
))
(/usr/local/share/texmf/tex/latex/amsmath/amsbsy.sty
Package: amsbsy 1999/11/29 v1.2d
\pmbraise@=\dimen106
)
(/usr/local/share/texmf/tex/latex/amsmath/amsopn.sty
Package: amsopn 1999/12/14 v2.01 operator names
)
\inf@bad=\count88
LaTeX Info: Redefining \frac on input line 211.
\uproot@=\count89
\leftroot@=\count90
LaTeX Info: Redefining \overline on input line 307.
\classnum@=\count91
\DOTSCASE@=\count92
LaTeX Info: Redefining \ldots on input line 379.
LaTeX Info: Redefining \dots on input line 382.
LaTeX Info: Redefining \cdots on input line 467.
\Mathstrutbox@=\box26
\strutbox@=\box27
\big@size=\dimen107
LaTeX Font Info:    Redeclaring font encoding OML on input line 567.
LaTeX Font Info:    Redeclaring font encoding OMS on input line 568.
\macc@depth=\count93
\c@MaxMatrixCols=\count94
\dotsspace@=\muskip10
\c@parentequation=\count95
\dspbrk@lvl=\count96
\tag@help=\toks16
\row@=\count97
\column@=\count98
\maxfields@=\count99
\andhelp@=\toks17
\eqnshift@=\dimen108
\alignsep@=\dimen109
\tagshift@=\dimen110
\tagwidth@=\dimen111
\totwidth@=\dimen112
\lineht@=\dimen113
\@envbody=\toks18
\multlinegap=\skip44
\multlinetaggap=\skip45
\mathdisplay@stack=\toks19
LaTeX Info: Redefining \[ on input line 2666.
LaTeX Info: Redefining \] on input line 2667.
)
(/usr/local/share/texmf/tex/latex/base/makeidx.sty
Package: makeidx 2000/03/29 v1.0m Standard LaTeX package
)
(/usr/local/share/texmf/tex/latex/nomencl/nomencl.sty
Package: nomencl 2005/09/22 v4.2 Nomenclature package (LN)
\nomlabelwidth=\dimen114
\nom@tempdim=\dimen115
\nomitemsep=\skip46
)
(/usr/local/share/texmf/tex/latex/caption/caption.sty
Package: caption 2007/01/07 v3.0k Customising captions (AR)

(/usr/local/share/texmf/tex/latex/caption/caption3.sty
Package: caption3 2007/01/07 v3.0k caption3 kernel (AR)
\captionmargin=\dimen116
\captionmarginx=\dimen117
\captionwidth=\dimen118
\captionindent=\dimen119
\captionparindent=\dimen120
\captionhangindent=\dimen121
))
(/usr/local/share/texmf/tex/generic/babel/babel.sty
Package: babel 2005/11/23 v3.8h The Babel package

(/usr/local/share/texmf/tex/generic/babel/germanb.ldf
Language: germanb 2004/02/19 v2.6k German support from the babel system

(/usr/local/share/texmf/tex/generic/babel/babel.def
File: babel.def 2005/11/23 v3.8h Babel common definitions
\babel@savecnt=\count100
\U@D=\dimen122
)
\l@austrian = a dialect from \language\l@german 
Package babel Info: Making " an active character on input line 91.
)
(/usr/local/share/texmf/tex/generic/babel/greek.ldf
Language: greek 2005/03/30 v1.3l Greek support from the babel system

Loading the definitions for the Greek font encoding
(/usr/local/share/texmf/tex/generic/babel/lgrenc.def
File: lgrenc.def 2001/01/30 v2.2e Greek Encoding
))
(/usr/local/share/texmf/tex/generic/babel/english.ldf
Language: english 2005/03/30 v3.3o English support from the babel system
\l@canadian = a dialect from \language\l@american 
\l@australian = a dialect from \language\l@british 
\l@newzealand = a dialect from \language\l@british 
))
(/usr/local/share/texmf/tex/generic/german/german.sty v2.5e 1998-07-08
Package: german 1998/07/08 v2.5e Support for writing german texts (br)
\grmnU@D=\dimen123
LaTeX Info: Redefining \glqq on input line 251.
LaTeX Info: Redefining \glq on input line 264.
LaTeX Info: Redefining \flqq on input line 277.
LaTeX Info: Redefining \frqq on input line 285.
LaTeX Info: Redefining \flq on input line 293.
LaTeX Info: Redefining \frq on input line 300.
)
(/usr/local/share/texmf/tex/latex/base/ifthen.sty
Package: ifthen 2001/05/26 v1.1c Standard LaTeX ifthen package (DPC)
)
\@nomenclaturefile=\write3
\openout3 = `manual.nlo'.


Writing nomenclature file manual.nlo
\@indexfile=\write4
\openout4 = `manual.idx'.

Writing index file manual.idx
Package color Info: Redefining color red on input line 80.
Package color Info: Redefining color blue on input line 81.
Package color Info: Redefining color green on input line 82.
(./manual.aux)
\openout1 = `manual.aux'.

LaTeX Font Info:    Checking defaults for OML/cmm/m/it on input line 85.
LaTeX Font Info:    ... okay on input line 85.
LaTeX Font Info:    Checking defaults for T1/cmr/m/n on input line 85.
LaTeX Font Info:    ... okay on input line 85.
LaTeX Font Info:    Checking defaults for OT1/cmr/m/n on input line 85.
LaTeX Font Info:    ... okay on input line 85.
LaTeX Font Info:    Checking defaults for OMS/cmsy/m/n on input line 85.
LaTeX Font Info:    ... okay on input line 85.
LaTeX Font Info:    Checking defaults for OMX/cmex/m/n on input line 85.
LaTeX Font Info:    ... okay on input line 85.
LaTeX Font Info:    Checking defaults for U/cmr/m/n on input line 85.
LaTeX Font Info:    ... okay on input line 85.
LaTeX Font Info:    Checking defaults for LGR/cmr/m/n on input line 85.
LaTeX Font Info:    Try loading font information for LGR+cmr on input line 85.
 (/usr/local/share/texmf/tex/generic/babel/lgrcmr.fd
File: lgrcmr.fd 2001/01/30 v2.2e Greek Computer Modern
)
LaTeX Font Info:    ... okay on input line 85.

(/usr/local/share/texmf/tex/latex/ragged2e/ragged2e.sty
Package: ragged2e 2003/03/25 v2.04 ragged2e Package (MS)

(/usr/local/share/texmf/tex/latex/everysel/everysel.sty
Package: everysel 1999/06/08 v1.03 EverySelectfont Package (MS)
LaTeX Info: Redefining \selectfont on input line 125.
)
\CenteringLeftskip=\skip47
\RaggedLeftLeftskip=\skip48
\RaggedRightLeftskip=\skip49
\CenteringRightskip=\skip50
\RaggedLeftRightskip=\skip51
\RaggedRightRightskip=\skip52
\CenteringParfillskip=\skip53
\RaggedLeftParfillskip=\skip54
\RaggedRightParfillskip=\skip55
\JustifyingParfillskip=\skip56
\CenteringParindent=\skip57
\RaggedLeftParindent=\skip58
\RaggedRightParindent=\skip59
\JustifyingParindent=\skip60
) [1


] [2

] (./manual.toc)
\tf@toc=\write5
\openout5 = `manual.toc'.

 [3] [4

] (./manual.lof)
\tf@lof=\write6
\openout6 = `manual.lof'.

 [5] [6

] (./manual.lot)
\tf@lot=\write7
\openout7 = `manual.lot'.

 [7] [8

] [9] [10]
Chapter 1.
[11

] [12

] [13] [14]
Chapter 2.
LaTeX Font Info:    Try loading font information for OMS+cmr on input line 119.

(/usr/local/share/texmf/tex/latex/base/omscmr.fd
File: omscmr.fd 1999/05/25 v2.5h Standard LaTeX font definitions
)
LaTeX Font Info:    Font shape `OMS/cmr/m/n' in size <10> not available
(Font)              Font shape `OMS/cmsy/m/n' tried instead on input line 119.
 [15

] [16

]
Chapter 3.

Overfull \hbox (3.69313pt too wide) in paragraph at lines 130--131
[]\OT1/cmr/m/n/10 On Unix one adds Kick-Start to a global \OT1/cmtt/m/n/10 PATH
 \OT1/cmr/m/n/10 vari-able by chang-ing \OT1/cmtt/m/n/10 /etc/profile\OT1/cmr/m
/n/10 ,
 []


Overfull \hbox (27.7765pt too wide) in paragraph at lines 135--136
[]\OT1/cmr/m/n/10 To add the Kick-Start \OT1/cmtt/m/n/10 bin \OT1/cmr/m/n/10 di
-rec-tory into the Cron PATH vari-able mod-ify \OT1/cmtt/m/n/10 /etc/crontab
 []


Overfull \hbox (9.66443pt too wide) in paragraph at lines 135--136
\OT1/cmr/m/n/10 and add a line like \OT1/cmtt/m/n/10 PATH=/usr/bin:/usr/sbin:/s
bin:/bin:/usr/lib/news/bin\OT1/cmr/m/n/10 . 
 []

[17] [18

] [19] [20] [21

] [22] (./manual.nls) (./manual.bbl [23

] [24

])
(./manual.ind [25] [26


]) (./manual.aux) ) 
Here is how much of TeX's memory you used:
 2632 strings out of 94087
 35787 string characters out of 1167723
 89516 words of memory out of 3500000
 5874 multiletter control sequences out of 10000+50000
 7691 words of font info for 28 fonts, out of 1200000 for 2000
 645 hyphenation exceptions out of 8191
 35i,5n,38p,658b,209s stack positions out of 5000i,500n,6000p,200000b,5000s

Output written on manual.dvi (26 pages, 14340 bytes).
